<?xml version="1.0" encoding="utf-8"?><testsuites name="pytest tests"><testsuite name="pytest" errors="0" failures="0" skipped="0" tests="64" time="50.228" timestamp="2026-05-30T21:35:48.059649+00:00" hostname="agent-env-38a9fe9d-745f-481d-a870-3e31c339c559"><testcase classname="tests.test_laurentia_backend.TestHealth" name="test_root_health" time="0.242" /><testcase classname="tests.test_laurentia_backend.TestHealth" name="test_brain_health" time="0.116" /><testcase classname="tests.test_laurentia_backend.TestInstances" name="test_init_instance_sayd" time="0.112" /><testcase classname="tests.test_laurentia_backend.TestInstances" name="test_get_instance_sayd" time="0.121" /><testcase classname="tests.test_laurentia_backend.TestInstances" name="test_get_instance_artist" time="0.122" /><testcase classname="tests.test_laurentia_backend.TestInstances" name="test_get_memory_safe_shape" time="0.132" /><testcase classname="tests.test_laurentia_backend.TestQuerySSE" name="test_sse_query_sayd" time="3.652" /><testcase classname="tests.test_laurentia_backend.TestQuerySSE" name="test_multi_tenant_isolation" time="4.247" /><testcase classname="tests.test_laurentia_backend.TestPersistencePrivacy" name="test_query_persists_and_anonymizes" time="8.095" /><testcase classname="tests.test_phase1_integration_http" name="test_memory_sessions_are_encrypted_at_rest" time="4.209" /><testcase classname="tests.test_phase1_integration_http" name="test_get_session_decrypts_blobs" time="2.410" /><testcase classname="tests.test_phase1_integration_http" name="test_query_multipart_pdf" time="1.047" /><testcase classname="tests.test_phase1_integration_http" name="test_query_multipart_docx" time="1.604" /><testcase classname="tests.test_phase1_integration_http" name="test_query_multipart_png_rejected_415" time="0.043" /><testcase classname="tests.test_phase1_integration_http" name="test_query_multipart_oversize_413" time="0.065" /><testcase classname="tests.test_phase1_security_uploads" name="test_encrypt_decrypt_round_trip" time="0.000" /><testcase classname="tests.test_phase1_security_uploads" name="test_encrypt_text_none" time="0.000" /><testcase classname="tests.test_phase1_security_uploads" name="test_decrypt_legacy_plaintext" time="0.000" /><testcase classname="tests.test_phase1_security_uploads" name="test_encrypt_each_call_uses_unique_nonce" time="0.000" /><testcase classname="tests.test_phase1_security_uploads" name="test_parse_text_file" time="0.000" /><testcase classname="tests.test_phase1_security_uploads" name="test_parse_md_file" time="0.000" /><testcase classname="tests.test_phase1_security_uploads" name="test_parse_empty_file_rejected" time="0.000" /><testcase classname="tests.test_phase1_security_uploads" name="test_parse_unsupported_format" time="0.000" /><testcase classname="tests.test_phase1_security_uploads" name="test_parse_oversize_file" time="0.004" /><testcase classname="tests.test_phase1_security_uploads" name="test_parse_pdf" time="0.002" /><testcase classname="tests.test_phase1_security_uploads" name="test_parse_docx" time="0.022" /><testcase classname="tests.test_phase1_security_uploads" name="test_build_context_block_format" time="0.000" /><testcase classname="tests.test_phase1_security_uploads" name="test_parse_many_aggregate_limit" time="0.016" /><testcase classname="tests.test_phase1_security_uploads" name="test_upload_limits_endpoint" time="0.022" /><testcase classname="tests.test_phase1_security_uploads" name="test_query_multipart_free_tier_rejected" time="0.071" /><testcase classname="tests.test_phase1_security_uploads" name="test_query_multipart_creator_ok_and_encrypted_at_rest" time="1.246" /><testcase classname="tests.test_phase1_security_uploads" name="test_query_json_path_still_works" time="1.026" /><testcase classname="tests.test_phase2_policiere_export" name="test_device_id_deterministic" time="0.000" /><testcase classname="tests.test_phase2_policiere_export" name="test_device_id_different_inputs" time="0.000" /><testcase classname="tests.test_phase2_policiere_export" name="test_device_id_none_when_empty" time="0.000" /><testcase classname="tests.test_phase2_policiere_export" name="test_resolve_limit_key_priority" time="0.000" /><testcase classname="tests.test_phase2_policiere_export" name="test_ttl_index_present" time="0.003" /><testcase classname="tests.test_phase2_policiere_export" name="test_rate_limit_quotas_loaded" time="0.000" /><testcase classname="tests.test_phase2_policiere_export" name="test_rate_limit_triggers_429_with_noble_message" time="0.030" /><testcase classname="tests.test_phase2_policiere_export" name="test_pdf_pages_count" time="0.002" /><testcase classname="tests.test_phase2_policiere_export" name="test_txt_pages_count" time="0.000" /><testcase classname="tests.test_phase2_policiere_export" name="test_summary_exposes_pages" time="0.000" /><testcase classname="tests.test_phase2_policiere_export" name="test_export_pdf_minimal" time="0.647" /><testcase classname="tests.test_phase2_policiere_export" name="test_export_pdf_with_subtitle_and_footer" time="0.562" /><testcase classname="tests.test_phase2_policiere_export" name="test_export_pdf_rejects_oversize_payload" time="0.002" /><testcase classname="tests.test_phase2_policiere_export" name="test_export_pdf_sanitizes_html" time="0.016" /><testcase classname="tests.test_phase3_ghost_signature" name="test_qr_data_uri_is_valid_png" time="0.012" /><testcase classname="tests.test_phase3_ghost_signature" name="test_signature_section_html_includes_branding" time="0.010" /><testcase classname="tests.test_phase3_ghost_signature" name="test_signature_section_html_no_session_falls_back_to_root" time="0.008" /><testcase classname="tests.test_phase3_ghost_signature" name="test_resolve_returns_null_without_fingerprint" time="0.021" /><testcase classname="tests.test_phase3_ghost_signature" name="test_resolve_returns_device_id_with_fingerprint" time="0.042" /><testcase classname="tests.test_phase3_ghost_signature" name="test_resolve_returns_frek_when_device_linked" time="0.046" /><testcase classname="tests.test_phase3_ghost_signature" name="test_pdf_quota_initial_state" time="0.043" /><testcase classname="tests.test_phase3_ghost_signature" name="test_pdf_export_increments_counter" time="1.137" /><testcase classname="tests.test_phase3_ghost_signature" name="test_pdf_signature_only_for_free_tier" time="0.536" /><testcase classname="tests.test_phase3_ghost_signature" name="test_pdf_pages_includes_signature_for_free" time="0.579" /><testcase classname="tests.test_phase4_echo_rgpd" name="test_persona_contains_anti_jailbreak_rules" time="0.000" /><testcase classname="tests.test_phase4_echo_rgpd" name="test_persona_protects_secret_keys_in_text" time="0.000" /><testcase classname="tests.test_phase4_echo_rgpd" name="test_echo_404_when_missing" time="0.022" /><testcase classname="tests.test_phase4_echo_rgpd" name="test_echo_generate_with_raw_text_and_public_get" time="16.982" /><testcase classname="tests.test_phase4_echo_rgpd" name="test_echo_conversion_attribution" time="0.044" /><testcase classname="tests.test_phase4_echo_rgpd" name="test_rgpd_purge_anonymizes_old_instances" time="0.007" /><testcase classname="tests.test_phase4_echo_rgpd" name="test_rgpd_purge_anonymizes_old_attributions" time="0.005" /><testcase classname="tests.test_phase4_echo_rgpd" name="test_rgpd_endpoint_idempotent" time="0.087" /></testsuite></testsuites>