<?xml version="1.0" encoding="utf-8"?><testsuites name="pytest tests"><testsuite name="pytest" errors="0" failures="2" skipped="0" tests="32" time="38.013" timestamp="2026-05-30T07:12:52.937742+00:00" hostname="agent-env-38a9fe9d-745f-481d-a870-3e31c339c559"><testcase classname="tests.test_laurentia_backend.TestHealth" name="test_root_health" time="0.243" /><testcase classname="tests.test_laurentia_backend.TestHealth" name="test_brain_health" time="0.113" /><testcase classname="tests.test_laurentia_backend.TestInstances" name="test_init_instance_sayd" time="0.121"><failure message="assert 100000 == 10000">tests/test_laurentia_backend.py:66: in test_init_instance_sayd
    assert inst["tokens_limit_month"] == 10000
E   assert 100000 == 10000</failure></testcase><testcase classname="tests.test_laurentia_backend.TestInstances" name="test_get_instance_sayd" time="0.120" /><testcase classname="tests.test_laurentia_backend.TestInstances" name="test_get_instance_artist" time="0.110" /><testcase classname="tests.test_laurentia_backend.TestInstances" name="test_get_memory_safe_shape" time="0.120" /><testcase classname="tests.test_laurentia_backend.TestQuerySSE" name="test_sse_query_sayd" time="2.436" /><testcase classname="tests.test_laurentia_backend.TestQuerySSE" name="test_multi_tenant_isolation" time="6.817" /><testcase classname="tests.test_laurentia_backend.TestPersistencePrivacy" name="test_query_persists_and_anonymizes" time="9.819" /><testcase classname="tests.test_phase1_integration_http" name="test_memory_sessions_are_encrypted_at_rest" time="8.563" /><testcase classname="tests.test_phase1_integration_http" name="test_get_session_decrypts_blobs" time="4.666" /><testcase classname="tests.test_phase1_integration_http" name="test_query_multipart_pdf" time="1.206" /><testcase classname="tests.test_phase1_integration_http" name="test_query_multipart_docx" time="1.811" /><testcase classname="tests.test_phase1_integration_http" name="test_query_multipart_png_rejected_415" time="0.044" /><testcase classname="tests.test_phase1_integration_http" name="test_query_multipart_oversize_413" time="0.066" /><testcase classname="tests.test_phase1_security_uploads" name="test_encrypt_decrypt_round_trip" time="0.000" /><testcase classname="tests.test_phase1_security_uploads" name="test_encrypt_text_none" time="0.000" /><testcase classname="tests.test_phase1_security_uploads" name="test_decrypt_legacy_plaintext" time="0.000" /><testcase classname="tests.test_phase1_security_uploads" name="test_encrypt_each_call_uses_unique_nonce" time="0.000" /><testcase classname="tests.test_phase1_security_uploads" name="test_parse_text_file" time="0.000" /><testcase classname="tests.test_phase1_security_uploads" name="test_parse_md_file" time="0.000" /><testcase classname="tests.test_phase1_security_uploads" name="test_parse_empty_file_rejected" time="0.000" /><testcase classname="tests.test_phase1_security_uploads" name="test_parse_unsupported_format" time="0.000" /><testcase classname="tests.test_phase1_security_uploads" name="test_parse_oversize_file" time="0.004" /><testcase classname="tests.test_phase1_security_uploads" name="test_parse_pdf" time="0.002" /><testcase classname="tests.test_phase1_security_uploads" name="test_parse_docx" time="0.021" /><testcase classname="tests.test_phase1_security_uploads" name="test_build_context_block_format" time="0.000" /><testcase classname="tests.test_phase1_security_uploads" name="test_parse_many_aggregate_limit" time="0.008" /><testcase classname="tests.test_phase1_security_uploads" name="test_upload_limits_endpoint" time="0.022" /><testcase classname="tests.test_phase1_security_uploads" name="test_query_multipart_free_tier_rejected" time="0.046" /><testcase classname="tests.test_phase1_security_uploads" name="test_query_multipart_creator_ok_and_encrypted_at_rest" time="1.205" /><testcase classname="tests.test_phase1_security_uploads" name="test_query_json_path_still_works" time="0.044"><failure message="assert 429 == 200&#10; +  where 429 = &lt;Response [429 Too Many Requests]&gt;.status_code">tests/test_phase1_security_uploads.py:227: in test_query_json_path_still_works
    assert r.status_code == 200
E   assert 429 == 200
E    +  where 429 = &lt;Response [429 Too Many Requests]&gt;.status_code</failure></testcase></testsuite></testsuites>