<?xml version="1.0" encoding="utf-8"?><testsuites name="pytest tests"><testsuite name="pytest" errors="0" failures="0" skipped="0" tests="6" time="19.598" timestamp="2026-05-30T07:12:28.392924+00:00" hostname="agent-env-38a9fe9d-745f-481d-a870-3e31c339c559"><testcase classname="tests.test_phase1_integration_http" name="test_memory_sessions_are_encrypted_at_rest" time="9.628" /><testcase classname="tests.test_phase1_integration_http" name="test_get_session_decrypts_blobs" time="7.186" /><testcase classname="tests.test_phase1_integration_http" name="test_query_multipart_pdf" time="1.207" /><testcase classname="tests.test_phase1_integration_http" name="test_query_multipart_docx" time="1.268" /><testcase classname="tests.test_phase1_integration_http" name="test_query_multipart_png_rejected_415" time="0.042" /><testcase classname="tests.test_phase1_integration_http" name="test_query_multipart_oversize_413" time="0.064" /></testsuite></testsuites>