<?xml version="1.0" encoding="utf-8"?><testsuites name="pytest tests"><testsuite name="pytest" errors="0" failures="0" skipped="0" tests="31" time="5.017" timestamp="2026-05-30T20:41:23.567844+00:00" hostname="agent-env-38a9fe9d-745f-481d-a870-3e31c339c559"><testcase classname="tests.test_phase1_security_uploads" name="test_encrypt_decrypt_round_trip" time="0.000" /><testcase classname="tests.test_phase1_security_uploads" name="test_encrypt_text_none" time="0.000" /><testcase classname="tests.test_phase1_security_uploads" name="test_decrypt_legacy_plaintext" time="0.000" /><testcase classname="tests.test_phase1_security_uploads" name="test_encrypt_each_call_uses_unique_nonce" time="0.000" /><testcase classname="tests.test_phase1_security_uploads" name="test_parse_text_file" time="0.000" /><testcase classname="tests.test_phase1_security_uploads" name="test_parse_md_file" time="0.000" /><testcase classname="tests.test_phase1_security_uploads" name="test_parse_empty_file_rejected" time="0.000" /><testcase classname="tests.test_phase1_security_uploads" name="test_parse_unsupported_format" time="0.000" /><testcase classname="tests.test_phase1_security_uploads" name="test_parse_oversize_file" time="0.003" /><testcase classname="tests.test_phase1_security_uploads" name="test_parse_pdf" time="0.018" /><testcase classname="tests.test_phase1_security_uploads" name="test_parse_docx" time="0.024" /><testcase classname="tests.test_phase1_security_uploads" name="test_build_context_block_format" time="0.000" /><testcase classname="tests.test_phase1_security_uploads" name="test_parse_many_aggregate_limit" time="0.015" /><testcase classname="tests.test_phase1_security_uploads" name="test_upload_limits_endpoint" time="0.038" /><testcase classname="tests.test_phase1_security_uploads" name="test_query_multipart_free_tier_rejected" time="0.047" /><testcase classname="tests.test_phase1_security_uploads" name="test_query_multipart_creator_ok_and_encrypted_at_rest" time="1.797" /><testcase classname="tests.test_phase1_security_uploads" name="test_query_json_path_still_works" time="1.033" /><testcase classname="tests.test_phase2_policiere_export" name="test_device_id_deterministic" time="0.000" /><testcase classname="tests.test_phase2_policiere_export" name="test_device_id_different_inputs" time="0.000" /><testcase classname="tests.test_phase2_policiere_export" name="test_device_id_none_when_empty" time="0.000" /><testcase classname="tests.test_phase2_policiere_export" name="test_resolve_limit_key_priority" time="0.000" /><testcase classname="tests.test_phase2_policiere_export" name="test_ttl_index_present" time="0.003" /><testcase classname="tests.test_phase2_policiere_export" name="test_rate_limit_quotas_loaded" time="0.000" /><testcase classname="tests.test_phase2_policiere_export" name="test_rate_limit_triggers_429_with_noble_message" time="0.030" /><testcase classname="tests.test_phase2_policiere_export" name="test_pdf_pages_count" time="0.002" /><testcase classname="tests.test_phase2_policiere_export" name="test_txt_pages_count" time="0.000" /><testcase classname="tests.test_phase2_policiere_export" name="test_summary_exposes_pages" time="0.000" /><testcase classname="tests.test_phase2_policiere_export" name="test_export_pdf_minimal" time="0.701" /><testcase classname="tests.test_phase2_policiere_export" name="test_export_pdf_with_subtitle_and_footer" time="0.557" /><testcase classname="tests.test_phase2_policiere_export" name="test_export_pdf_rejects_oversize_payload" time="0.002" /><testcase classname="tests.test_phase2_policiere_export" name="test_export_pdf_sanitizes_html" time="0.535" /></testsuite></testsuites>