<?xml version="1.0" encoding="utf-8"?><testsuites name="pytest tests"><testsuite name="pytest" errors="0" failures="0" skipped="0" tests="17" time="3.529" timestamp="2026-05-30T07:11:32.189264+00:00" hostname="agent-env-38a9fe9d-745f-481d-a870-3e31c339c559"><testcase classname="tests.test_phase1_security_uploads" name="test_encrypt_decrypt_round_trip" time="0.000" /><testcase classname="tests.test_phase1_security_uploads" name="test_encrypt_text_none" time="0.000" /><testcase classname="tests.test_phase1_security_uploads" name="test_decrypt_legacy_plaintext" time="0.000" /><testcase classname="tests.test_phase1_security_uploads" name="test_encrypt_each_call_uses_unique_nonce" time="0.000" /><testcase classname="tests.test_phase1_security_uploads" name="test_parse_text_file" time="0.000" /><testcase classname="tests.test_phase1_security_uploads" name="test_parse_md_file" time="0.000" /><testcase classname="tests.test_phase1_security_uploads" name="test_parse_empty_file_rejected" time="0.000" /><testcase classname="tests.test_phase1_security_uploads" name="test_parse_unsupported_format" time="0.000" /><testcase classname="tests.test_phase1_security_uploads" name="test_parse_oversize_file" time="0.029" /><testcase classname="tests.test_phase1_security_uploads" name="test_parse_pdf" time="0.016" /><testcase classname="tests.test_phase1_security_uploads" name="test_parse_docx" time="0.021" /><testcase classname="tests.test_phase1_security_uploads" name="test_build_context_block_format" time="0.000" /><testcase classname="tests.test_phase1_security_uploads" name="test_parse_many_aggregate_limit" time="0.008" /><testcase classname="tests.test_phase1_security_uploads" name="test_upload_limits_endpoint" time="0.213" /><testcase classname="tests.test_phase1_security_uploads" name="test_query_multipart_free_tier_rejected" time="0.047" /><testcase classname="tests.test_phase1_security_uploads" name="test_query_multipart_creator_ok_and_encrypted_at_rest" time="1.869" /><testcase classname="tests.test_phase1_security_uploads" name="test_query_json_path_still_works" time="1.062" /></testsuite></testsuites>