<?xml version="1.0" encoding="utf-8"?><testsuites name="pytest tests"><testsuite name="pytest" errors="0" failures="0" skipped="0" tests="41" time="7.771" timestamp="2026-05-30T21:11:07.251830+00:00" hostname="agent-env-38a9fe9d-745f-481d-a870-3e31c339c559"><testcase classname="tests.test_phase3_ghost_signature" name="test_qr_data_uri_is_valid_png" time="0.010" /><testcase classname="tests.test_phase3_ghost_signature" name="test_signature_section_html_includes_branding" time="0.010" /><testcase classname="tests.test_phase3_ghost_signature" name="test_signature_section_html_no_session_falls_back_to_root" time="0.008" /><testcase classname="tests.test_phase3_ghost_signature" name="test_resolve_returns_null_without_fingerprint" time="0.036" /><testcase classname="tests.test_phase3_ghost_signature" name="test_resolve_returns_device_id_with_fingerprint" time="0.043" /><testcase classname="tests.test_phase3_ghost_signature" name="test_resolve_returns_frek_when_device_linked" time="0.048" /><testcase classname="tests.test_phase3_ghost_signature" name="test_pdf_quota_initial_state" time="0.043" /><testcase classname="tests.test_phase3_ghost_signature" name="test_pdf_export_increments_counter" time="1.216" /><testcase classname="tests.test_phase3_ghost_signature" name="test_pdf_signature_only_for_free_tier" time="0.545" /><testcase classname="tests.test_phase3_ghost_signature" name="test_pdf_pages_includes_signature_for_free" time="0.578" /><testcase classname="tests.test_phase1_security_uploads" name="test_encrypt_decrypt_round_trip" time="0.000" /><testcase classname="tests.test_phase1_security_uploads" name="test_encrypt_text_none" time="0.000" /><testcase classname="tests.test_phase1_security_uploads" name="test_decrypt_legacy_plaintext" time="0.000" /><testcase classname="tests.test_phase1_security_uploads" name="test_encrypt_each_call_uses_unique_nonce" time="0.000" /><testcase classname="tests.test_phase1_security_uploads" name="test_parse_text_file" time="0.000" /><testcase classname="tests.test_phase1_security_uploads" name="test_parse_md_file" time="0.000" /><testcase classname="tests.test_phase1_security_uploads" name="test_parse_empty_file_rejected" time="0.000" /><testcase classname="tests.test_phase1_security_uploads" name="test_parse_unsupported_format" time="0.000" /><testcase classname="tests.test_phase1_security_uploads" name="test_parse_oversize_file" time="0.004" /><testcase classname="tests.test_phase1_security_uploads" name="test_parse_pdf" time="0.024" /><testcase classname="tests.test_phase1_security_uploads" name="test_parse_docx" time="0.026" /><testcase classname="tests.test_phase1_security_uploads" name="test_build_context_block_format" time="0.000" /><testcase classname="tests.test_phase1_security_uploads" name="test_parse_many_aggregate_limit" time="0.017" /><testcase classname="tests.test_phase1_security_uploads" name="test_upload_limits_endpoint" time="0.021" /><testcase classname="tests.test_phase1_security_uploads" name="test_query_multipart_free_tier_rejected" time="0.049" /><testcase classname="tests.test_phase1_security_uploads" name="test_query_multipart_creator_ok_and_encrypted_at_rest" time="1.998" /><testcase classname="tests.test_phase1_security_uploads" name="test_query_json_path_still_works" time="1.019" /><testcase classname="tests.test_phase2_policiere_export" name="test_device_id_deterministic" time="0.000" /><testcase classname="tests.test_phase2_policiere_export" name="test_device_id_different_inputs" time="0.000" /><testcase classname="tests.test_phase2_policiere_export" name="test_device_id_none_when_empty" time="0.000" /><testcase classname="tests.test_phase2_policiere_export" name="test_resolve_limit_key_priority" time="0.000" /><testcase classname="tests.test_phase2_policiere_export" name="test_ttl_index_present" time="0.003" /><testcase classname="tests.test_phase2_policiere_export" name="test_rate_limit_quotas_loaded" time="0.000" /><testcase classname="tests.test_phase2_policiere_export" name="test_rate_limit_triggers_429_with_noble_message" time="0.037" /><testcase classname="tests.test_phase2_policiere_export" name="test_pdf_pages_count" time="0.002" /><testcase classname="tests.test_phase2_policiere_export" name="test_txt_pages_count" time="0.000" /><testcase classname="tests.test_phase2_policiere_export" name="test_summary_exposes_pages" time="0.000" /><testcase classname="tests.test_phase2_policiere_export" name="test_export_pdf_minimal" time="0.679" /><testcase classname="tests.test_phase2_policiere_export" name="test_export_pdf_with_subtitle_and_footer" time="0.589" /><testcase classname="tests.test_phase2_policiere_export" name="test_export_pdf_rejects_oversize_payload" time="0.002" /><testcase classname="tests.test_phase2_policiere_export" name="test_export_pdf_sanitizes_html" time="0.042" /></testsuite></testsuites>