<?xml version="1.0" encoding="utf-8"?><testsuites name="pytest tests"><testsuite name="pytest" errors="0" failures="0" skipped="0" tests="8" time="16.031" timestamp="2026-05-30T21:35:24.156662+00:00" hostname="agent-env-38a9fe9d-745f-481d-a870-3e31c339c559"><testcase classname="tests.test_phase4_echo_rgpd" name="test_persona_contains_anti_jailbreak_rules" time="0.000" /><testcase classname="tests.test_phase4_echo_rgpd" name="test_persona_protects_secret_keys_in_text" time="0.000" /><testcase classname="tests.test_phase4_echo_rgpd" name="test_echo_404_when_missing" time="0.035" /><testcase classname="tests.test_phase4_echo_rgpd" name="test_echo_generate_with_raw_text_and_public_get" time="15.558" /><testcase classname="tests.test_phase4_echo_rgpd" name="test_echo_conversion_attribution" time="0.045" /><testcase classname="tests.test_phase4_echo_rgpd" name="test_rgpd_purge_anonymizes_old_instances" time="0.016" /><testcase classname="tests.test_phase4_echo_rgpd" name="test_rgpd_purge_anonymizes_old_attributions" time="0.005" /><testcase classname="tests.test_phase4_echo_rgpd" name="test_rgpd_endpoint_idempotent" time="0.087" /></testsuite></testsuites>