<?xml version="1.0" encoding="utf-8"?><testsuites name="pytest tests"><testsuite name="pytest" errors="0" failures="0" skipped="0" tests="9" time="11.377" timestamp="2026-05-30T04:24:13.490878+00:00" hostname="agent-env-38a9fe9d-745f-481d-a870-3e31c339c559"><testcase classname="tests.test_laurentia_backend.TestHealth" name="test_root_health" time="0.244" /><testcase classname="tests.test_laurentia_backend.TestHealth" name="test_brain_health" time="0.139" /><testcase classname="tests.test_laurentia_backend.TestInstances" name="test_init_instance_sayd" time="0.113" /><testcase classname="tests.test_laurentia_backend.TestInstances" name="test_get_instance_sayd" time="0.107" /><testcase classname="tests.test_laurentia_backend.TestInstances" name="test_get_instance_artist" time="0.111" /><testcase classname="tests.test_laurentia_backend.TestInstances" name="test_get_memory_safe_shape" time="0.125" /><testcase classname="tests.test_laurentia_backend.TestQuerySSE" name="test_sse_query_sayd" time="2.047" /><testcase classname="tests.test_laurentia_backend.TestQuerySSE" name="test_multi_tenant_isolation" time="2.846" /><testcase classname="tests.test_laurentia_backend.TestPersistencePrivacy" name="test_query_persists_and_anonymizes" time="5.511" /></testsuite></testsuites>